0 info it worked if it ends with ok
1 verbose cli [ 'C:\\Program Files\\nodejs\\node.exe',
1 verbose cli   'C:\\Users\\HP\\AppData\\Roaming\\npm\\node_modules\\npm\\bin\\npm-cli.js',
1 verbose cli   'start' ]
2 info using npm@3.10.10
3 info using node@v8.11.3
4 verbose run-script [ 'prestart', 'start', 'poststart' ]
5 info lifecycle waiterly@1.0.0~prestart: waiterly@1.0.0
6 silly lifecycle waiterly@1.0.0~prestart: no script for prestart, continuing
7 info lifecycle waiterly@1.0.0~start: waiterly@1.0.0
8 verbose lifecycle waiterly@1.0.0~start: unsafe-perm in lifecycle true
9 verbose lifecycle waiterly@1.0.0~start: PATH: C:\Users\HP\AppData\Roaming\npm\node_modules\npm\bin\node-gyp-bin;C:\Users\HP\Desktop\setup\node_modules\.bin;C:\WINDOWS\system32;C:\WINDOWS;C:\WINDOWS\System32\Wbem;C:\WINDOWS\System32\WindowsPowerShell\v1.0\;C:\Program Files\Git\cmd;C:\Program Files\Git\mingw32\bin;C:\Program Files\Git\usr\bin;C:\Program Files\PostgreSQL\9.6\bin;C:\Program Files\PostgreSQL\9.6\lib;C:\Program Files\nodejs\;C:\WINDOWS\System32\OpenSSH\;C:\Program Files\Intel\WiFi\bin\;C:\Program Files\Common Files\Intel\WirelessCommon\;C:\Users\HP\AppData\Roaming\Microsoft\Windows\Start Menu\Programs\Python 3.6;;C:\Program Files\Microsoft VS Code\bin;C:\Users\HP\AppData\Local\Programs\Python\Python36-32\Scripts\;C:\Users\HP\AppData\Local\Programs\Python\Python36-32\;C:\Program Files\Microsoft VS Code\bin;C:\Users\HP\AppData\Roaming\npm;C:\Users\HP\AppData\Local\Microsoft\WindowsApps;C:\Program Files\Intel\WiFi\bin\;C:\Program Files\Common Files\Intel\WirelessCommon\;C:\Program Files\heroku\bin
10 verbose lifecycle waiterly@1.0.0~start: CWD: C:\Users\HP\Desktop\setup
11 silly lifecycle waiterly@1.0.0~start: Args: [ '/d /s /c', 'node server.js' ]
12 silly lifecycle waiterly@1.0.0~start: Returned: code: 1  signal: null
13 info lifecycle waiterly@1.0.0~start: Failed to exec start script
14 verbose stack Error: waiterly@1.0.0 start: `node server.js`
14 verbose stack Exit status 1
14 verbose stack     at EventEmitter.<anonymous> (C:\Users\HP\AppData\Roaming\npm\node_modules\npm\lib\utils\lifecycle.js:255:16)
14 verbose stack     at emitTwo (events.js:126:13)
14 verbose stack     at EventEmitter.emit (events.js:214:7)
14 verbose stack     at ChildProcess.<anonymous> (C:\Users\HP\AppData\Roaming\npm\node_modules\npm\lib\utils\spawn.js:40:14)
14 verbose stack     at emitTwo (events.js:126:13)
14 verbose stack     at ChildProcess.emit (events.js:214:7)
14 verbose stack     at maybeClose (internal/child_process.js:925:16)
14 verbose stack     at Process.ChildProcess._handle.onexit (internal/child_process.js:209:5)
15 verbose pkgid waiterly@1.0.0
16 verbose cwd C:\Users\HP\Desktop\setup
17 error Windows_NT 10.0.17134
18 error argv "C:\\Program Files\\nodejs\\node.exe" "C:\\Users\\HP\\AppData\\Roaming\\npm\\node_modules\\npm\\bin\\npm-cli.js" "start"
19 error node v8.11.3
20 error npm  v3.10.10
21 error code ELIFECYCLE
22 error waiterly@1.0.0 start: `node server.js`
22 error Exit status 1
23 error Failed at the waiterly@1.0.0 start script 'node server.js'.
23 error Make sure you have the latest version of node.js and npm installed.
23 error If you do, this is most likely a problem with the waiterly package,
23 error not with npm itself.
23 error Tell the author that this fails on your system:
23 error     node server.js
23 error You can get information on how to open an issue for this project with:
23 error     npm bugs waiterly
23 error Or if that isn't available, you can get their info via:
23 error     npm owner ls waiterly
23 error There is likely additional logging output above.
24 verbose exit [ 1, true ]
